<?xml version="1.0" encoding="UTF-8"?>
<testng-results ignored="0" total="1" passed="1" failed="0" skipped="0">
  <reporter-output>
  </reporter-output>
  <suite started-at="2023-03-20T17:05:58 IST" name="Suite" finished-at="2023-03-20T17:06:14 IST" duration-ms="15975">
    <groups>
    </groups>
    <test started-at="2023-03-20T17:05:58 IST" name="ExchangeApp Test on CHROME" finished-at="2023-03-20T17:06:14 IST" duration-ms="15951">
      <class name="com.koinpro.testCases.kycUpdate">
        <test-method is-config="true" signature="setUp(java.lang.String)[pri:0, instance:com.koinpro.testCases.kycUpdate@c0c2f8d]" started-at="2023-03-20T17:05:58 IST" name="setUp" finished-at="2023-03-20T17:06:01 IST" duration-ms="2722" status="PASS">
          <params>
            <param index="0">
              <value>
                <![CDATA[chrome]]>
              </value>
            </param>
          </params>
          <reporter-output>
          </reporter-output>
        </test-method> <!-- setUp -->
        <test-method signature="kycVerification001()[pri:0, instance:com.koinpro.testCases.kycUpdate@c0c2f8d]" started-at="2023-03-20T17:06:01 IST" name="kycVerification001" finished-at="2023-03-20T17:06:12 IST" duration-ms="11869" status="PASS">
          <reporter-output>
          </reporter-output>
        </test-method> <!-- kycVerification001 -->
        <test-method is-config="true" signature="tearDown()[pri:0, instance:com.koinpro.testCases.kycUpdate@c0c2f8d]" started-at="2023-03-20T17:06:12 IST" name="tearDown" finished-at="2023-03-20T17:06:14 IST" duration-ms="1299" status="PASS">
          <reporter-output>
          </reporter-output>
        </test-method> <!-- tearDown -->
      </class> <!-- com.koinpro.testCases.kycUpdate -->
    </test> <!-- ExchangeApp Test on CHROME -->
    <test started-at="2023-03-20T17:06:14 IST" name="ExchangeApp Test on edge" finished-at="2023-03-20T17:06:14 IST" duration-ms="0">
      <class name="com.koinpro.testCases.kycUpdate">
        <test-method is-config="true" signature="BeforeSuite()[pri:0, instance:com.koinpro.testCases.kycUpdate@c0c2f8d]" started-at="2023-03-20T17:05:57 IST" name="BeforeSuite" finished-at="2023-03-20T17:05:58 IST" duration-ms="705" status="PASS">
          <reporter-output>
          </reporter-output>
        </test-method> <!-- BeforeSuite -->
        <test-method is-config="true" signature="AfterSuite()[pri:0, instance:com.koinpro.testCases.kycUpdate@c0c2f8d]" started-at="2023-03-20T17:06:14 IST" name="AfterSuite" finished-at="2023-03-20T17:06:14 IST" duration-ms="330" status="PASS">
          <reporter-output>
          </reporter-output>
        </test-method> <!-- AfterSuite -->
      </class> <!-- com.koinpro.testCases.kycUpdate -->
    </test> <!-- ExchangeApp Test on edge -->
  </suite> <!-- Suite -->
</testng-results>
